<?xml version="1.0" encoding="UTF-8"?>
<testsuite xmlns:xsi="http://www.w3.org/2001/XMLSchema-instance" xsi:noNamespaceSchemaLocation="https://maven.apache.org/surefire/maven-surefire-plugin/xsd/surefire-test-report.xsd" version="3.0.2" name="com.iotmonitoring.integration_service.IntegrationServiceApplicationTests" time="3.067" tests="1" errors="0" skipped="0" failures="0" flakes="0">
  <properties>
[...]
</properties>
  <testcase name="contextLoads" classname="com.iotmonitoring.integration_service.IntegrationServiceApplicationTests" time="0.011">
    <system-out><![CDATA[16:24:46.711 [main] INFO org.springframework.test.context.support.AnnotationConfigContextLoaderUtils -- Could not detect default configuration classes for test class [com.iotmonitoring.integration_service.IntegrationServiceApplicationTests]: IntegrationServiceApplicationTests does not declare any static, non-private, non-final, nested classes annotated with @Configuration.
16:24:46.894 [main] INFO org.springframework.boot.test.context.SpringBootTestContextBootstrapper -- Found @SpringBootConfiguration com.iotmonitoring.integration_service.IntegrationServiceApplication for test class com.iotmonitoring.integration_service.IntegrationServiceApplicationTests
16:24:47.052 [main] INFO org.springframework.test.context.support.AnnotationConfigContextLoaderUtils -- Could not detect default configuration classes for test class [com.iotmonitoring.integration_service.IntegrationServiceApplicationTests]: IntegrationServiceApplicationTests does not declare any static, non-private, non-final, nested classes annotated with @Configuration.
16:24:47.061 [main] INFO org.springframework.boot.test.context.SpringBootTestContextBootstrapper -- Found @SpringBootConfiguration com.iotmonitoring.integration_service.IntegrationServiceApplication for test class com.iotmonitoring.integration_service.IntegrationServiceApplicationTests

  .   ____          _            __ _ _
 /\\ / ___'_ __ _ _(_)_ __  __ _ \ \ \ \
( ( )\___ | '_ | '_| | '_ \/ _` | \ \ \ \
 \\/  ___)| |_)| | | | | || (_| |  ) ) ) )
  '  |____| .__|_| |_|_| |_\__, | / / / /
 =========|_|==============|___/=/_/_/_/

 :: Spring Boot ::                (v4.0.8)

2026-09-22T16:24:47.512+02:00  INFO 27860 --- [integration-service] [           main] c.i.i.IntegrationServiceApplicationTests : Starting IntegrationServiceApplicationTests using Java 25 with PID 27860 (started by battu in C:\IoT-monitoring\integration-service)
2026-09-22T16:24:47.514+02:00  INFO 27860 --- [integration-service] [           main] c.i.i.IntegrationServiceApplicationTests : No active profile set, falling back to 1 default profile: "default"
2026-09-22T16:24:48.700+02:00  INFO 27860 --- [integration-service] [           main] o.s.ws.soap.saaj.SaajSoapMessageFactory  : Creating SAAJ 1.3 MessageFactory with SOAP 1.1 Protocol
2026-09-22T16:24:49.487+02:00  INFO 27860 --- [integration-service] [           main] .w.s.a.s.AnnotationActionEndpointMapping : Supporting [WS-Addressing August 2004, WS-Addressing 1.0]
2026-09-22T16:24:49.541+02:00  INFO 27860 --- [integration-service] [           main] c.i.i.IntegrationServiceApplicationTests : Started IntegrationServiceApplicationTests in 2.389 seconds (process running for 5.119)
]]></system-out>
  </testcase>
</testsuite>